act_report_xml_view_tree
action_view_tree
asset_view_tree
change_password_wizard_user_tree_view
edit_menu
edit_menu_access
embedded_action_tree
ir_access_view_tree
ir_access_view_tree_edition
ir_actions_todo_tree
ir_cron_trigger_view_tree
ir_cron_view_tree
ir_default_tree_view
ir_filters_view_tree
ir_profile_view_list
module_form
module_tree
paperformat_view_tree
res_lang_tree
res_partner_industry_view_tree
res_partner_view_form_private
sequence_view
sequence_view_tree
view_attachment_tree
view_client_action_tree
view_company_tree
view_country_form
view_country_group_tree
view_country_state_tree
view_country_tree
view_currency_form
view_currency_rate_tree
view_currency_tree
view_groups_form
view_model_constraint_list
view_model_data_list
view_model_fields_form
view_model_fields_selection_tree
view_model_fields_tree
view_model_relation_list
view_model_tree
view_partner_bank_tree
view_partner_category_list
view_partner_title_tree
view_partner_tree
view_res_bank_tree
view_rule_tree
view_server_action_tree
view_users_form_simple_modif
view_users_tree
view_view_custom_tree
view_view_form
view_view_tree
view_window_action_form
view_window_action_tree
